=========================================
SLURM_JOB_ID = 92112
SLURM_JOB_NODELIST = node20-78
SLURM_CPUS_ON_NODE = 1
SLURM_JOB_PARTITION = RT
SLURM_TASK_PID = 1316201
==========================================
[I 2022-05-19 12:10:31.028 ServerApp] jupyterlab | extension was successfully linked.
[I 2022-05-19 12:10:31.229 ServerApp] nbclassic | extension was successfully linked.
[I 2022-05-19 12:10:31.253 LabApp] JupyterLab extension loaded from /home/common/studtscm19/anaconda3/lib/python3.9/site-packages/jupyterlab
[I 2022-05-19 12:10:31.253 LabApp] JupyterLab application directory is /home/common/studtscm19/anaconda3/share/jupyter/lab
[I 2022-05-19 12:10:31.257 ServerApp] jupyterlab | extension was successfully loaded.
[I 2022-05-19 12:10:31.262 ServerApp] nbclassic | extension was successfully loaded.
[I 2022-05-19 12:10:31.262 ServerApp] Serving notebooks from local directory: /home/common/studtscm19/alex
[I 2022-05-19 12:10:31.263 ServerApp] Jupyter Server 1.4.1 is running at:
[I 2022-05-19 12:10:31.263 ServerApp] http://localhost:8888/lab?token=fe68dbbac9ffe04c9597bba89be760318aad4282b14c7f85
[I 2022-05-19 12:10:31.263 ServerApp]  or http://127.0.0.1:8888/lab?token=fe68dbbac9ffe04c9597bba89be760318aad4282b14c7f85
[I 2022-05-19 12:10:31.263 ServerApp] Use Control-C to stop this server and shut down all kernels (twice to skip confirmation).
[W 2022-05-19 12:10:31.268 ServerApp] No web browser found: could not locate runnable browser.
[C 2022-05-19 12:10:31.268 ServerApp] 
    
    To access the server, open this file in a browser:
        file:///home/common/studtscm19/.local/share/jupyter/runtime/jpserver-1316217-open.html
    Or copy and paste one of these URLs:
        http://localhost:8888/lab?token=fe68dbbac9ffe04c9597bba89be760318aad4282b14c7f85
     or http://127.0.0.1:8888/lab?token=fe68dbbac9ffe04c9597bba89be760318aad4282b14c7f85
srun: Job step aborted: Waiting up to 32 seconds for job step to finish.
slurmstepd: error: *** STEP 92112.0 ON node20-78 CANCELLED AT 2022-05-19T12:13:28 ***
[C 2022-05-19 12:13:28.098 ServerApp] received signal 15, stopping
slurmstepd: error: *** JOB 92112 ON node20-78 CANCELLED AT 2022-05-19T12:13:28 ***
